checking package dependencies
compiling ../ResetXactor.bsv
compiling ../../RSAPipelineTypes.bsv
compiling ../../ModMultIlvd.bsv
compiling ../../Memory.bsv
code generation for mkMemory starts
Elaborated module file created: bdir_dut/mkMemory.ba
compiling ../../RSAPipeline.bsv
code generation for mkRSAModMultIlvd starts
Elaborated module file created: bdir_dut/mkRSAModMultIlvd.ba
compiling ../SceMiLayer.bsv
code generation for mkDutWrapper starts
Warning: "../SceMiLayer.bsv", line 14, column 17: (G0010)
  Rule "memInit_request_put" was treated as more urgent than
  "rsa_doSomething". Conflicts:
    "memInit_request_put" cannot fire before "rsa_doSomething":
      calls to
	rsa_memory.init_request_put vs. rsa_memory.init_done
	rsa_memory.init_request_put vs. rsa_memory.request_put
    "rsa_doSomething" cannot fire before "memInit_request_put":
      calls to rsa_memory.request_put vs. rsa_memory.init_request_put
Elaborated module file created: bdir_dut/mkDutWrapper.ba
compiling ../Bridge.bsv
code generation for mkBridge starts
Warning: "GetPut.bs", line 337, column 9: (G0043)
  Multiple reset signals influence rule
  `scemi_rsa_result_connect_get_mkConnectionGetPut'.
  This can lead to inconsistent, non-atomic results when not all of these
  signals are asserted.
  Method calls by reset:
    Reset 1:
      scemi_rsa_result_res_fifo.enq scemi_rsa_result_res_fifo.RDY_enq
    Reset 2:
      scemi_dut_dut_dutIfc_m_dut.get_result_get
      scemi_dut_dut_dutIfc_m_dut.RDY_get_result_get
Compilation message: "../BSVSource/SceMi/BlueNoC/SceMiClocks.bsv", line 101, column 13: 
(SCE-MI) Begin clock generation
Compilation message: "../BSVSource/SceMi/BlueNoC/SceMiClocks.bsv", line 138, column 51: 
(SCE-MI) Default clock group
(SCE-MI) Clock #0
  Numerator: 1
  Denominator: 1
  DutyHi: 0
  DutyLo: 100
  Phase: 0
  Reset Cycles: 8
(SCE-MI) Found 1 controllers for clock #0
Compilation message: "../BSVSource/SceMi/BlueNoC/SceMiClocks.bsv", line 208, column 16: 
(SCE-MI) Common clock time scale = 1
(SCE-MI)    Group    Clock   Period     Rise     Fall     Freq
(SCE-MI)  default        0        1         uclock      50.00 MHz
(SCE-MI) Note: clock frequencies assume 100 MHz reference clock
Compilation message: "../BSVSource/SceMi/BlueNoC/SceMiClocks.bsv", line 461, column 47: 
(SCE-MI) Max reset count = 16
Warning: "../BSVSource/Misc/CommitIfc.bsv", line 68, column 12: (G0023)
  The condition for rule scemi_dut_dut_prb_control_contextToPrbStr_connectData
  is always false. Removing...
Warning: "../BSVSource/SceMi/BlueNoC/SceMiNoC.bsv", line 1628, column 9: (G0023)
  The condition for rule scemi_reset_when_noc_is_inactive is always false.
  Removing...
Warning: "../BSVSource/SceMi/BlueNoC/SceMiNoC.bsv", line 1724, column 12: (G0023)
  The condition for rule scemi_reset_input_path_when_noc_is_inactive is always
  false. Removing...
Warning: "../BSVSource/Misc/CommitIfc.bsv", line 72, column 12: (G0023)
  The body of rule scemi_dut_dut_prb_control_contextToPrbStr_connectCommitAck
  has no actions. Removing...
Warning: "../BSVSource/SceMi/BlueNoC/SceMiSerialProbe.bsv", line 411, column 9: (G0023)
  The body of rule scemi_dut_dut_prb_control_announceCclock has no actions.
  Removing...
Warning: "/afs/csail.mit.edu/group/csg/tools/tools_lx86/bluespec/Bluespec-2012.10.beta2/lib/board_support/bluenoc/bridges/Bridge_TCP.bsv", line 5, column 8: (G0010)
  Rule "scemi_dut_dut_prb_control_setSample" was treated as more urgent than
  "scemi_dut_dut_prb_control_unsetFlag". Conflicts:
    "scemi_dut_dut_prb_control_setSample" cannot fire before "scemi_dut_dut_prb_control_unsetFlag":
      calls to
	scemi_dut_dut_prb_control_enff.enq vs. scemi_dut_dut_prb_control_enff.enq
    "scemi_dut_dut_prb_control_unsetFlag" cannot fire before "scemi_dut_dut_prb_control_setSample":
      calls to
	scemi_dut_dut_prb_control_enff.enq vs. scemi_dut_dut_prb_control_enff.enq
	scemi_dut_dut_prb_control_nextSample.write vs. scemi_dut_dut_prb_control_nextSample.read
Warning: "/afs/csail.mit.edu/group/csg/tools/tools_lx86/bluespec/Bluespec-2012.10.beta2/lib/board_support/bluenoc/bridges/Bridge_TCP.bsv", line 5, column 8: (G0010)
  Rule "scemi_dut_dut_prb_control_unsetFlag" was treated as more urgent than
  "scemi_dut_dut_prb_control_receiveTrigger". Conflicts:
    "scemi_dut_dut_prb_control_unsetFlag" cannot fire before "scemi_dut_dut_prb_control_receiveTrigger":
      calls to
	scemi_dut_dut_prb_control_enff.enq vs. scemi_dut_dut_prb_control_enff.enq
    "scemi_dut_dut_prb_control_receiveTrigger" cannot fire before "scemi_dut_dut_prb_control_unsetFlag":
      calls to
	scemi_dut_dut_prb_control_enff.enq vs. scemi_dut_dut_prb_control_enff.enq
Warning: "/afs/csail.mit.edu/group/csg/tools/tools_lx86/bluespec/Bluespec-2012.10.beta2/lib/board_support/bluenoc/bridges/Bridge_TCP.bsv", line 5, column 8: (G0010)
  Rule "scemi_dut_dut_prb_control_receiveTrigger" was treated as more urgent
  than "scemi_dut_dut_prb_control_respondToPing". Conflicts:
    "scemi_dut_dut_prb_control_receiveTrigger" cannot fire before "scemi_dut_dut_prb_control_respondToPing":
      calls to
	scemi_init_state_msgFIFO.enq vs. scemi_init_state_msgFIFO.enq
	scemi_init_state_msgFIFO.enq vs. scemi_init_state_msgFIFO.notFull
	scemi_dut_dut_prb_control_data_out_words._write vs. scemi_dut_dut_prb_control_data_out_words._write
	scemi_dut_dut_prb_control_data_out_next.send vs. scemi_dut_dut_prb_control_data_out_next.send
	scemi_dut_dut_prb_control_data_out_ok.write vs. scemi_dut_dut_prb_control_data_out_ok.read
    "scemi_dut_dut_prb_control_respondToPing" cannot fire before "scemi_dut_dut_prb_control_receiveTrigger":
      calls to
	scemi_init_state_msgFIFO.enq vs. scemi_init_state_msgFIFO.enq
	scemi_init_state_msgFIFO.enq vs. scemi_init_state_msgFIFO.notFull
	scemi_dut_dut_prb_control_data_out_words._write vs. scemi_dut_dut_prb_control_data_out_words._write
	scemi_dut_dut_prb_control_data_out_next.send vs. scemi_dut_dut_prb_control_data_out_next.send
	scemi_dut_dut_prb_control_data_out_ok.write vs. scemi_dut_dut_prb_control_data_out_ok.read
Warning: "/afs/csail.mit.edu/group/csg/tools/tools_lx86/bluespec/Bluespec-2012.10.beta2/lib/board_support/bluenoc/bridges/Bridge_TCP.bsv", line 5, column 8: (G0010)
  Rule "scemi_dut_dut_prb_control_receiveTrigger" was treated as more urgent
  than "scemi_dut_dut_prb_control_sendAck". Conflicts:
    "scemi_dut_dut_prb_control_receiveTrigger" cannot fire before "scemi_dut_dut_prb_control_sendAck":
      calls to
	scemi_init_state_msgFIFO.enq vs. scemi_init_state_msgFIFO.enq
	scemi_init_state_msgFIFO.enq vs. scemi_init_state_msgFIFO.notFull
	scemi_dut_dut_prb_control_data_out_words._write vs. scemi_dut_dut_prb_control_data_out_words._write
	scemi_dut_dut_prb_control_data_out_next.send vs. scemi_dut_dut_prb_control_data_out_next.send
	scemi_dut_dut_prb_control_data_out_ok.write vs. scemi_dut_dut_prb_control_data_out_ok.read
    "scemi_dut_dut_prb_control_sendAck" cannot fire before "scemi_dut_dut_prb_control_receiveTrigger":
      calls to
	scemi_init_state_msgFIFO.enq vs. scemi_init_state_msgFIFO.enq
	scemi_init_state_msgFIFO.enq vs. scemi_init_state_msgFIFO.notFull
	scemi_dut_dut_prb_control_data_out_words._write vs. scemi_dut_dut_prb_control_data_out_words._write
	scemi_dut_dut_prb_control_data_out_next.send vs. scemi_dut_dut_prb_control_data_out_next.send
	scemi_dut_dut_prb_control_data_out_ok.write vs. scemi_dut_dut_prb_control_data_out_ok.read
Warning: "/afs/csail.mit.edu/group/csg/tools/tools_lx86/bluespec/Bluespec-2012.10.beta2/lib/board_support/bluenoc/bridges/Bridge_TCP.bsv", line 5, column 8: (G0010)
  Rule "scemi_dut_dut_prb_control_receiveMoreData" was treated as more urgent
  than "scemi_shutdown_ack". Conflicts:
    "scemi_dut_dut_prb_control_receiveMoreData" cannot fire before "scemi_shutdown_ack":
      calls to
	scemi_init_state_msgFIFO.enq vs. scemi_init_state_msgFIFO.enq
	scemi_init_state_msgFIFO.enq vs. scemi_init_state_msgFIFO.notFull
    "scemi_shutdown_ack" cannot fire before "scemi_dut_dut_prb_control_receiveMoreData":
      calls to
	scemi_init_state_msgFIFO.enq vs. scemi_init_state_msgFIFO.enq
	scemi_init_state_msgFIFO.enq vs. scemi_init_state_msgFIFO.notFull
Warning: "/afs/csail.mit.edu/group/csg/tools/tools_lx86/bluespec/Bluespec-2012.10.beta2/lib/board_support/bluenoc/bridges/Bridge_TCP.bsv", line 5, column 8: (G0010)
  Rule "scemi_dut_dut_prb_control_receiveFirstData" was treated as more urgent
  than "scemi_shutdown_ack". Conflicts:
    "scemi_dut_dut_prb_control_receiveFirstData" cannot fire before "scemi_shutdown_ack":
      calls to
	scemi_init_state_msgFIFO.enq vs. scemi_init_state_msgFIFO.enq
	scemi_init_state_msgFIFO.enq vs. scemi_init_state_msgFIFO.notFull
    "scemi_shutdown_ack" cannot fire before "scemi_dut_dut_prb_control_receiveFirstData":
      calls to
	scemi_init_state_msgFIFO.enq vs. scemi_init_state_msgFIFO.enq
	scemi_init_state_msgFIFO.enq vs. scemi_init_state_msgFIFO.notFull
Warning: "/afs/csail.mit.edu/group/csg/tools/tools_lx86/bluespec/Bluespec-2012.10.beta2/lib/board_support/bluenoc/bridges/Bridge_TCP.bsv", line 5, column 8: (G0010)
  Rule "scemi_dut_softrst_resp_connect_res_mkConnectionGetPut" was treated as
  more urgent than "scemi_shutdown_ack". Conflicts:
    "scemi_dut_softrst_resp_connect_res_mkConnectionGetPut" cannot fire before "scemi_shutdown_ack":
      calls to
	scemi_init_state_msgFIFO.enq vs. scemi_init_state_msgFIFO.enq
	scemi_init_state_msgFIFO.enq vs. scemi_init_state_msgFIFO.notFull
    "scemi_shutdown_ack" cannot fire before "scemi_dut_softrst_resp_connect_res_mkConnectionGetPut":
      calls to
	scemi_init_state_msgFIFO.enq vs. scemi_init_state_msgFIFO.enq
	scemi_init_state_msgFIFO.enq vs. scemi_init_state_msgFIFO.notFull
Warning: "/afs/csail.mit.edu/group/csg/tools/tools_lx86/bluespec/Bluespec-2012.10.beta2/lib/board_support/bluenoc/bridges/Bridge_TCP.bsv", line 5, column 8: (G0010)
  Rule "scemi_rsa_result_connect_res_mkConnectionGetPut" was treated as more
  urgent than "scemi_shutdown_ack". Conflicts:
    "scemi_rsa_result_connect_res_mkConnectionGetPut" cannot fire before "scemi_shutdown_ack":
      calls to
	scemi_init_state_msgFIFO.enq vs. scemi_init_state_msgFIFO.enq
	scemi_init_state_msgFIFO.enq vs. scemi_init_state_msgFIFO.notFull
    "scemi_shutdown_ack" cannot fire before "scemi_rsa_result_connect_res_mkConnectionGetPut":
      calls to
	scemi_init_state_msgFIFO.enq vs. scemi_init_state_msgFIFO.enq
	scemi_init_state_msgFIFO.enq vs. scemi_init_state_msgFIFO.notFull
Warning: "/afs/csail.mit.edu/group/csg/tools/tools_lx86/bluespec/Bluespec-2012.10.beta2/lib/board_support/bluenoc/bridges/Bridge_TCP.bsv", line 5, column 8: (G0036)
  Rule "scemi_dut_dut_prb_control_receiveControl" will appear to fire before
  "scemi_dut_dut_prb_control_receiveMoreData" when both fire in the same clock
  cycle, affecting:
    calls to
      scemi_dut_dut_prb_control_pinged.write vs. scemi_dut_dut_prb_control_pinged.write
Warning: "/afs/csail.mit.edu/group/csg/tools/tools_lx86/bluespec/Bluespec-2012.10.beta2/lib/board_support/bluenoc/bridges/Bridge_TCP.bsv", line 5, column 8: (G0036)
  Rule "scemi_dut_dut_prb_control_receiveControl" will appear to fire before
  "scemi_dut_dut_prb_control_receiveFirstData" when both fire in the same
  clock cycle, affecting:
    calls to
      scemi_dut_dut_prb_control_pinged.write vs. scemi_dut_dut_prb_control_pinged.write
Warning: "/afs/csail.mit.edu/group/csg/tools/tools_lx86/bluespec/Bluespec-2012.10.beta2/lib/board_support/bluenoc/bridges/Bridge_TCP.bsv", line 5, column 8: (G0117)
  Rule `scemi_dut_dut_prb_control_data_out_setOK' shadows the effects of
  `scemi_dut_dut_prb_control_receiveMoreData' when they execute in the same
  clock cycle. Affected method calls:
    scemi_dut_dut_prb_control_data_out_ok.write
  To silence this warning, use the `-no-warn-action-shadowing' flag.
Warning: "/afs/csail.mit.edu/group/csg/tools/tools_lx86/bluespec/Bluespec-2012.10.beta2/lib/board_support/bluenoc/bridges/Bridge_TCP.bsv", line 5, column 8: (G0117)
  Rule `scemi_dut_dut_prb_control_data_out_setOK' shadows the effects of
  `scemi_dut_dut_prb_control_receiveFirstData' when they execute in the same
  clock cycle. Affected method calls:
    scemi_dut_dut_prb_control_data_out_ok.write
  To silence this warning, use the `-no-warn-action-shadowing' flag.
Warning: "/afs/csail.mit.edu/group/csg/tools/tools_lx86/bluespec/Bluespec-2012.10.beta2/lib/board_support/bluenoc/bridges/Bridge_TCP.bsv", line 5, column 8: (G0117)
  Rule `scemi_dut_dut_prb_control_data_out_setOK' shadows the effects of
  `scemi_dut_dut_prb_control_receiveTrigger' when they execute in the same
  clock cycle. Affected method calls:
    scemi_dut_dut_prb_control_data_out_ok.write
  To silence this warning, use the `-no-warn-action-shadowing' flag.
Warning: "/afs/csail.mit.edu/group/csg/tools/tools_lx86/bluespec/Bluespec-2012.10.beta2/lib/board_support/bluenoc/bridges/Bridge_TCP.bsv", line 5, column 8: (G0117)
  Rule `scemi_dut_dut_prb_control_data_out_setOK' shadows the effects of
  `scemi_dut_dut_prb_control_sendAck' when they execute in the same clock
  cycle. Affected method calls:
    scemi_dut_dut_prb_control_data_out_ok.write
  To silence this warning, use the `-no-warn-action-shadowing' flag.
Warning: "/afs/csail.mit.edu/group/csg/tools/tools_lx86/bluespec/Bluespec-2012.10.beta2/lib/board_support/bluenoc/bridges/Bridge_TCP.bsv", line 5, column 8: (G0117)
  Rule `scemi_dut_dut_prb_control_data_out_setOK' shadows the effects of
  `scemi_dut_dut_prb_control_respondToPing' when they execute in the same
  clock cycle. Affected method calls:
    scemi_dut_dut_prb_control_data_out_ok.write
  To silence this warning, use the `-no-warn-action-shadowing' flag.
Warning: "/afs/csail.mit.edu/group/csg/tools/tools_lx86/bluespec/Bluespec-2012.10.beta2/lib/board_support/bluenoc/bridges/Bridge_TCP.bsv", line 5, column 8: (G0117)
  Rule `scemi_dut_dut_prb_control_receiveMoreData' shadows the effects of
  `scemi_dut_dut_prb_control_receiveControl' when they execute in the same
  clock cycle. Affected method calls:
    scemi_dut_dut_prb_control_pinged.write
  To silence this warning, use the `-no-warn-action-shadowing' flag.
Warning: "/afs/csail.mit.edu/group/csg/tools/tools_lx86/bluespec/Bluespec-2012.10.beta2/lib/board_support/bluenoc/bridges/Bridge_TCP.bsv", line 5, column 8: (G0117)
  Rule `scemi_dut_dut_prb_control_receiveFirstData' shadows the effects of
  `scemi_dut_dut_prb_control_receiveControl' when they execute in the same
  clock cycle. Affected method calls:
    scemi_dut_dut_prb_control_pinged.write
  To silence this warning, use the `-no-warn-action-shadowing' flag.
Warning: "/afs/csail.mit.edu/group/csg/tools/tools_lx86/bluespec/Bluespec-2012.10.beta2/lib/board_support/bluenoc/bridges/Bridge_TCP.bsv", line 5, column 8: (G0117)
  Rule `scemi_shutdown_ctrl_out_setOK' shadows the effects of
  `scemi_shutdown_ack' when they execute in the same clock cycle. Affected
  method calls:
    scemi_shutdown_ctrl_out_ok.write
  To silence this warning, use the `-no-warn-action-shadowing' flag.
Warning: "/afs/csail.mit.edu/group/csg/tools/tools_lx86/bluespec/Bluespec-2012.10.beta2/lib/board_support/bluenoc/bridges/Bridge_TCP.bsv", line 5, column 8: (G0117)
  Rule `scemi_rsa_result_outport_setOK' shadows the effects of
  `scemi_rsa_result_connect_res_mkConnectionGetPut' when they execute in the
  same clock cycle. Affected method calls:
    scemi_rsa_result_outport_ok.write
  To silence this warning, use the `-no-warn-action-shadowing' flag.
Warning: "/afs/csail.mit.edu/group/csg/tools/tools_lx86/bluespec/Bluespec-2012.10.beta2/lib/board_support/bluenoc/bridges/Bridge_TCP.bsv", line 5, column 8: (G0117)
  Rule `scemi_dut_softrst_resp_outport_setOK' shadows the effects of
  `scemi_dut_softrst_resp_connect_res_mkConnectionGetPut' when they execute in
  the same clock cycle. Affected method calls:
    scemi_dut_softrst_resp_outport_ok.write
  To silence this warning, use the `-no-warn-action-shadowing' flag.
Warning: "/afs/csail.mit.edu/group/csg/tools/tools_lx86/bluespec/Bluespec-2012.10.beta2/lib/board_support/bluenoc/bridges/Bridge_TCP.bsv", line 5, column 8: (G0117)
  Rule `scemi_dut_softrst_req_connect_put_mkConnectionGetPut' shadows the
  effects of `scemi_dut_dut_dutIfc_donerest' when they execute in the same
  clock cycle. Affected method calls:
    scemi_dut_dut_dutIfc_resetting.write
  To silence this warning, use the `-no-warn-action-shadowing' flag.
Warning: "/afs/csail.mit.edu/group/csg/tools/tools_lx86/bluespec/Bluespec-2012.10.beta2/lib/board_support/bluenoc/bridges/Bridge_TCP.bsv", line 5, column 8: (G0117)
  Rule `scemi_dut_dut_prb_control_receiveControl' shadows the effects of
  `scemi_dut_dut_prb_control_respondToPing' when they execute in the same
  clock cycle. Affected method calls:
    scemi_dut_dut_prb_control_pinged.write
  To silence this warning, use the `-no-warn-action-shadowing' flag.
Elaborated Bluesim module file created: bdir_dut/mkBridge.ba
All packages are up to date.
