Loading all packages ...
Loading all packages complete.
Creating in-line probe code file ...
Code file tbinclude/SceMiProbes.cxx has been created.
Creating in-line probe code file complete.
Creating header files ...
Header file tbinclude/PowerStruct.h has been created.
Header file tbinclude/PowerAssoc.h has been created.
Header file tbinclude/Command.h has been created.
Header file tbinclude/ProbeControl.h has been created.
Header file tbinclude/PrbNum.h has been created.
Header file tbinclude/CosimStruct.h has been created.
Header file tbinclude/PowerProbe.h has been created.
Header file tbinclude/PwPrbKind.h has been created.
Header file tbinclude/Tag.h has been created.
Header file tbinclude/SimulationControlReq.h has been created.
Header file tbinclude/SimulationStatusResp.h has been created.
Header file tbinclude/BusNumber.h has been created.
Header file tbinclude/TLPTag.h has been created.
Header file tbinclude/CreditCount.h has been created.
Header file tbinclude/NodeID.h has been created.
Header file tbinclude/CHUNK_T.h has been created.
Header file tbinclude/BIG_INT.h has been created.
Header file tbinclude/RSA_PACKET.h has been created.
Header file tbinclude/ClkNextRdy.h has been created.
Header file tbinclude/SceMiHeaders.h has been created.
Creating header files complete.
